pso4pids/build/intermediates/manifest_merge_blame_file/debug/manifest-merger-blame-debug-report.txt
1<?xml version="1.0" encoding="utf-8"?>
2<manifest xmlns:android="http://schemas.android.com/apk/res/android"
3    xmlns:tools="http://schemas.android.com/tools"
4    package="com.github.DaCodingBeast.pso4arms" >
5
6    <uses-sdk android:minSdkVersion="24" />
6-->src\main\AndroidManifest.xml
7
8    <application
8-->src\main\AndroidManifest.xml:5:5-14:32
9        android:allowBackup="true"
9-->src\main\AndroidManifest.xml:6:9-35
10        android:dataExtractionRules="@xml/data_extraction_rules"
10-->src\main\AndroidManifest.xml:7:9-65
11        android:fullBackupContent="@xml/backup_rules"
11-->src\main\AndroidManifest.xml:8:9-54
12        android:icon="@mipmap/ic_launcher"
12-->src\main\AndroidManifest.xml:9:9-43
13        android:label="@string/app_name"
13-->src\main\AndroidManifest.xml:10:9-41
14        android:roundIcon="@mipmap/ic_launcher_round"
14-->src\main\AndroidManifest.xml:11:9-54
15        android:supportsRtl="true"
15-->src\main\AndroidManifest.xml:12:9-35
16        android:theme="@style/Theme.Pso4pidfs"
16-->src\main\AndroidManifest.xml:13:9-47
17        tools:targetApi="31" />
17-->src\main\AndroidManifest.xml:14:9-29
18
19</manifest>